<?xml version="1.0" encoding="UTF-8"?>
<!-- Generated by org.testng.reporters.JUnitXMLReporter -->
<testsuite hostname="CORE-PC" name="Default test" tests="1" failures="0" timestamp="3 Dec 2016 17:20:47 GMT" time="0.026" errors="0">
  <testcase name="@BeforeSuite setup" time="0.0" classname="tests.inventory.InventoryPO">
    <failure type="org.testng.TestNGException" message="
Parameter &amp;apos;url&amp;apos; is required by @Configuration on method setup but has not been marked @Optional or defined
in C:\Users\Shiv\AppData\Local\Temp\testng-eclipse-485232128\testng-customsuite.xml">
      <![CDATA[org.testng.TestNGException: 
Parameter 'url' is required by @Configuration on method setup but has not been marked @Optional or defined
in C:\Users\Shiv\AppData\Local\Temp\testng-eclipse-485232128\testng-customsuite.xml
	at org.testng.internal.Parameters.createParameters(Parameters.java:156)
	at org.testng.internal.Parameters.createParameters(Parameters.java:370)
	at org.testng.internal.Parameters.createConfigurationParameters(Parameters.java:86)
	at org.testng.internal.Invoker.invokeConfigurations(Invoker.java:202)
	at org.testng.internal.Invoker.invokeConfigurations(Invoker.java:143)
	at org.testng.SuiteRunner.privateRun(SuiteRunner.java:307)
	at org.testng.SuiteRunner.run(SuiteRunner.java:270)
	at org.testng.SuiteRunnerWorker.runSuite(SuiteRunnerWorker.java:52)
	at org.testng.SuiteRunnerWorker.run(SuiteRunnerWorker.java:86)
	at org.testng.TestNG.runSuitesSequentially(TestNG.java:1284)
	at org.testng.TestNG.runSuitesLocally(TestNG.java:1209)
	at org.testng.TestNG.runSuites(TestNG.java:1124)
	at org.testng.TestNG.run(TestNG.java:1096)
	at org.testng.remote.AbstractRemoteTestNG.run(AbstractRemoteTestNG.java:132)
	at org.testng.remote.RemoteTestNG.initAndRun(RemoteTestNG.java:236)
	at org.testng.remote.RemoteTestNG.main(RemoteTestNG.java:81)
]]>
    </failure>
  </testcase> <!-- @BeforeSuite setup -->
  <testcase name="@AfterClass afterClass" time="0.0" classname="tests.inventory.InventoryPO">
    <skipped/>
  </testcase> <!-- @AfterClass afterClass -->
  <testcase name="newIndentVerify" time="0.008" classname="tests.inventory.InventoryPO">
    <skipped/>
  </testcase> <!-- newIndentVerify -->
</testsuite> <!-- Default test -->
